#
# An unexpected error has been detected by Java Runtime Environment:
#
#  Internal Error (0xe06d7363), pid=2944, tid=6412
#
# Java VM: Java HotSpot(TM) Client VM (11.2-b01 mixed mode windows-x86)
# Problematic frame:
# C  [KERNELBASE.dll+0xb727]
#
# If you would like to submit a bug report, please visit:
#   http://java.sun.com/webapps/bugreport/crash.jsp
# The crash happened outside the Java Virtual Machine in native code.
# See problematic frame for where to report the bug.
#

---------------  T H R E A D  ---------------

Current thread (0x08a94800):  JavaThread "main" [_thread_in_native, id=6412, stack(0x00430000,0x00c30000)]

siginfo: ExceptionCode=0xe06d7363, ExceptionInformation=0x19930520 0x00c290c0 0x7a126ec8 

Registers:
EAX=0x00c29024, EBX=0x00010004, ECX=0x00000003, EDX=0x00000000
ESP=0x00c29024, EBP=0x00c29074, ESI=0x00c290f0, EDI=0x00c2a57c
EIP=0x7606b727, EFLAGS=0x00200216

Top of Stack: (sp=0x00c29024)
0x00c29024:   e06d7363 00000001 00000000 7606b727
0x00c29034:   00000003 19930520 00c290c0 7a126ec8
0x00c29044:   79f9144c 00c295ac 00c295ac 79f92c70
0x00c29054:   00c29648 00000002 00000002 00000001
0x00c29064:   79f93cda 00c29648 79f937e5 79f96b4e
0x00c29074:   00c290ac 70478e89 e06d7363 00000001
0x00c29084:   00000003 00c290a0 e06d7363 00000001
0x00c29094:   00000000 00000000 00000003 19930520 

Instructions: (pc=0x7606b727)
0x7606b717:   0c eb 03 89 45 c0 8d 45 b0 50 ff 15 6c 11 06 76
0x7606b727:   c9 c2 10 00 cc cc cc cc cc 8b ff 55 8b ec 56 8b 


Stack: [0x00430000,0x00c30000],  sp=0x00c29024,  free space=8164k
Native frames: (J=compiled Java code, j=interpreted, Vv=VM code, C=native code)
C  [KERNELBASE.dll+0xb727]
C  [MSVCR80.dll+0x28e89]
C  [mcr.dll+0xbc96]
C  [mcr.dll+0xbe3a]
C  [libut.dll+0x4a5f1]
C  [libut.dll+0x50dd5]
C  [libut.dll+0x50e34]
C  [libut.dll+0x50e70]
C  [libut.dll+0x50f61]
C  [libuij.dll+0x26032]
C  [jmi.dll+0x322aa]
j  com.mathworks.jmi.NativeMatlab.processPendingEvents()Z+8
j  com.mathworks.jmi.Matlab$ProcessPendingEvents.callBooleanMethod(Ljava/lang/Object;)Z+0
j  com.mathworks.util.FactoryUtils.processPendingEvents()Z+12
j  com.mathworks.mde.desk.MLDesktop.canClose()Z+84
j  com.mathworks.mde.desk.MLDesktop$2.call()Ljava/lang/Boolean;+4
j  com.mathworks.mde.desk.MLDesktop$2.call()Ljava/lang/Object;+1
j  com.mathworks.jmi.Matlab.isOkToExit()Z+54
v  ~StubRoutines::call_stub

Java frames: (J=compiled Java code, j=interpreted, Vv=VM code)
j  com.mathworks.jmi.NativeMatlab.ProcessPendingEvents()Z+0
j  com.mathworks.jmi.NativeMatlab.processPendingEvents()Z+8
j  com.mathworks.jmi.Matlab$ProcessPendingEvents.callBooleanMethod(Ljava/lang/Object;)Z+0
j  com.mathworks.util.FactoryUtils.processPendingEvents()Z+12
j  com.mathworks.mde.desk.MLDesktop.canClose()Z+84
j  com.mathworks.mde.desk.MLDesktop$2.call()Ljava/lang/Boolean;+4
j  com.mathworks.mde.desk.MLDesktop$2.call()Ljava/lang/Object;+1
j  com.mathworks.jmi.Matlab.isOkToExit()Z+54
v  ~StubRoutines::call_stub
j  com.mathworks.jmi.NativeMatlab.SendMatlabMessage(Ljava/lang/Object;)Ljava/lang/Object;+0
j  com.mathworks.jmi.NativeMatlab.sendMatlabMessage(Ljava/lang/Object;)Ljava/lang/Object;+22
j  com.mathworks.jmi.MatlabLooper.sendMatlabMessage(Lcom/mathworks/services/message/MWMessage;)Ljava/lang/Object;+20
j  com.mathworks.jmi.Matlab.mtFevalConsoleOutput(Ljava/lang/String;[Ljava/lang/Object;I)Ljava/lang/Object;+58
j  com.mathworks.mde.desk.MLDesktop$9.run()V+14
j  com.mathworks.jmi.NativeMatlab.dispatchMTRequests(Z)V+50
v  ~StubRoutines::call_stub

---------------  P R O C E S S  ---------------

Java Threads: ( => current thread )
  0x1a272400 JavaThread "Thread-440" [_thread_blocked, id=4648, stack(0x1ce40000,0x1cec0000)]
  0x1a270000 JavaThread "CommGroup select thread" [_thread_in_native, id=5456, stack(0x1cdc0000,0x1ce40000)]
  0x1a271800 JavaThread "Thread-439" [_thread_blocked, id=5488, stack(0x1cbd0000,0x1cc50000)]
  0x1a270c00 JavaThread "pool-1-thread-5" [_thread_in_native, id=8056, stack(0x1b060000,0x1b0e0000)]
  0x1a26f000 JavaThread "Thread-206" [_thread_in_native, id=6316, stack(0x28dd0000,0x295d0000)]
  0x1a271000 JavaThread "pool-1-thread-4" [_thread_blocked, id=6484, stack(0x05010000,0x05090000)]
  0x1a26fc00 JavaThread "pool-1-thread-3" [_thread_blocked, id=5380, stack(0x04ea0000,0x04f20000)]
  0x1a270800 JavaThread "FreeableDirectByteBuffer reference reaper" daemon [_thread_blocked, id=7116, stack(0x178b0000,0x17930000)]
  0x1a9f1000 JavaThread "pool-1-thread-2" [_thread_blocked, id=7340, stack(0x04d50000,0x04dd0000)]
  0x1a9f0800 JavaThread "Thread-142" [_thread_blocked, id=7560, stack(0x04c70000,0x04cf0000)]
  0x1a9ef800 JavaThread "pool-1-thread-1" [_thread_blocked, id=7236, stack(0x04b70000,0x04bf0000)]
  0x1a9efc00 JavaThread "GC Daemon" daemon [_thread_blocked, id=1496, stack(0x04aa0000,0x04b20000)]
  0x1a9ee800 JavaThread "RMI Reaper" [_thread_blocked, id=7392, stack(0x049e0000,0x04a60000)]
  0x1a9f0400 JavaThread "RMI TCP Accept-27371" daemon [_thread_in_native, id=6284, stack(0x04920000,0x049a0000)]
  0x1a9ef000 JavaThread "Thread-140" daemon [_thread_blocked, id=2280, stack(0x04860000,0x048e0000)]
  0x1a9eec00 JavaThread "Thread-45" [_thread_blocked, id=7144, stack(0x04f90000,0x05010000)]
  0x1a9ee000 JavaThread "Foxtrot Single Worker Thread #1" daemon [_thread_blocked, id=8048, stack(0x05350000,0x053d0000)]
  0x1a9ed400 JavaThread "Thread-22" [_thread_blocked, id=8132, stack(0x1e300000,0x1e380000)]
  0x1a9ed000 JavaThread "Thread-21" [_thread_blocked, id=1016, stack(0x1e240000,0x1e2c0000)]
  0x1a9ec800 JavaThread "Thread-20" [_thread_blocked, id=7844, stack(0x1e180000,0x1e200000)]
  0x1a9ec400 JavaThread "Thread-19" [_thread_blocked, id=8040, stack(0x1e100000,0x1e180000)]
  0x1a9ebc00 JavaThread "Thread-17" [_thread_blocked, id=7408, stack(0x1d500000,0x1d580000)]
  0x1a9eb800 JavaThread "Active Reference Queue Daemon" daemon [_thread_blocked, id=2064, stack(0x1d440000,0x1d4c0000)]
  0x1a9e9c00 JavaThread "Timer-10" daemon [_thread_blocked, id=8168, stack(0x1c8a0000,0x1c920000)]
  0x1a9eb400 JavaThread "FelixPackageAdmin" daemon [_thread_blocked, id=6424, stack(0x1d3c0000,0x1d440000)]
  0x1a9eac00 JavaThread "FelixStartLevel" daemon [_thread_blocked, id=5612, stack(0x1d250000,0x1d2d0000)]
  0x1a9ea800 JavaThread "FelixDispatchQueue" daemon [_thread_blocked, id=3368, stack(0x1d1d0000,0x1d250000)]
  0x1a9e9400 JavaThread "Timer-9" daemon [_thread_blocked, id=8180, stack(0x1c6c0000,0x1c740000)]
  0x1a883000 JavaThread "Prefs Updater" daemon [_thread_blocked, id=6820, stack(0x1c600000,0x1c680000)]
  0x1a895400 JavaThread "Timer-1" [_thread_blocked, id=6324, stack(0x1b8e0000,0x1b960000)]
  0x1a716c00 JavaThread "TimerQueue" daemon [_thread_blocked, id=7232, stack(0x1b820000,0x1b8a0000)]
  0x1a658400 JavaThread "AWT-EventQueue-0" [_thread_in_native, id=7940, stack(0x1b700000,0x1b780000)]
  0x1a5f3800 JavaThread "AWT-Windows" daemon [_thread_in_native, id=6112, stack(0x1afe0000,0x1b060000)]
  0x1a5f3000 JavaThread "AWT-Shutdown" [_thread_blocked, id=500, stack(0x1af20000,0x1afa0000)]
  0x1a5f2c00 JavaThread "Java2D Disposer" daemon [_thread_blocked, id=6560, stack(0x1ae60000,0x1aee0000)]
  0x19eff800 JavaThread "Timer-0" [_thread_blocked, id=7544, stack(0x1a0e0000,0x1a160000)]
  0x19ee5800 JavaThread "JMI Unnamed Thread" [_thread_in_native, id=7272, stack(0x057f0000,0x05ff0000)]
  0x08b4d400 JavaThread "Low Memory Detector" daemon [_thread_blocked, id=2716, stack(0x195e0000,0x19660000)]
  0x08b3b800 JavaThread "CompilerThread0" daemon [_thread_blocked, id=7912, stack(0x18da0000,0x195a0000)]
  0x08b30c00 JavaThread "Attach Listener" daemon [_thread_blocked, id=5212, stack(0x17360000,0x173e0000)]
  0x08b15400 JavaThread "Finalizer" daemon [_thread_blocked, id=6688, stack(0x172a0000,0x17320000)]
  0x08b14000 JavaThread "Reference Handler" daemon [_thread_blocked, id=7872, stack(0x171e0000,0x17260000)]
=>0x08a94800 JavaThread "main" [_thread_in_native, id=6412, stack(0x00430000,0x00c30000)]

Other Threads:
  0x08b0f400 VMThread [stack: 0x18560000,0x18d60000] [id=7720]
  0x08b57c00 WatcherThread [stack: 0x196a0000,0x19ea0000] [id=7264]

VM state:not at safepoint (normal execution)

VM Mutex/Monitor currently owned by a thread: None

Heap
 def new generation   total 17856K, used 10720K [0x0ac80000, 0x0bfd0000, 0x0cc80000)
  eden space 15936K,  66% used [0x0ac80000, 0x0b6d4840, 0x0bc10000)
  from space 1920K,   7% used [0x0bc10000, 0x0bc339f0, 0x0bdf0000)
  to   space 1920K,   0% used [0x0bdf0000, 0x0bdf0000, 0x0bfd0000)
 tenured generation   total 58868K, used 37792K [0x0cc80000, 0x105fd000, 0x12c80000)
   the space 58868K,  64% used [0x0cc80000, 0x0f168270, 0x0f168400, 0x105fd000)
 compacting perm gen  total 40704K, used 40478K [0x12c80000, 0x15440000, 0x16c80000)
   the space 40704K,  99% used [0x12c80000, 0x15407848, 0x15407a00, 0x15440000)
No shared spaces configured.

Dynamic libraries:
0x00400000 - 0x00425000 	C:\Program Files (x86)\MATLAB\R2010a Student\bin\win32\MATLAB.exe
0x77100000 - 0x77280000 	C:\Windows\SysWOW64\ntdll.dll
0x75e40000 - 0x75f40000 	C:\Windows\syswow64\kernel32.dll
0x76060000 - 0x760a6000 	C:\Windows\syswow64\KERNELBASE.dll
0x7b940000 - 0x7b9ec000 	C:\Program Files (x86)\MATLAB\R2010a Student\bin\win32\libut.dll
0x762a0000 - 0x762ca000 	C:\Windows\syswow64\imagehlp.dll
0x767b0000 - 0x7685c000 	C:\Windows\syswow64\msvcrt.dll
0x769a0000 - 0x769a5000 	C:\Windows\syswow64\PSAPI.DLL
0x7bfa0000 - 0x7bfbf000 	C:\Program Files (x86)\MATLAB\R2010a Student\bin\win32\LIBEXPAT.dll
0x70450000 - 0x704eb000 	C:\Windows\WinSxS\x86_microsoft.vc80.crt_1fc8b3b9a1e18e3b_8.0.50727.4927_none_d08a205e442db5b5\MSVCR80.dll
0x7bd50000 - 0x7be38000 	C:\Program Files (x86)\MATLAB\R2010a Student\bin\win32\icuuc40.dll
0x75b30000 - 0x75bd0000 	C:\Windows\syswow64\ADVAPI32.dll
0x76040000 - 0x76059000 	C:\Windows\SysWOW64\sechost.dll
0x75920000 - 0x75a10000 	C:\Windows\syswow64\RPCRT4.dll
0x74c70000 - 0x74cd0000 	C:\Windows\syswow64\SspiCli.dll
0x74c60000 - 0x74c6c000 	C:\Windows\syswow64\CRYPTBASE.dll
0x7b4b0000 - 0x7b4b4000 	C:\Program Files (x86)\MATLAB\R2010a Student\bin\win32\icudt40.dll
0x7b4c0000 - 0x7b4cc000 	C:\Program Files (x86)\MATLAB\R2010a Student\bin\win32\icuio40.dll
0x7b670000 - 0x7b768000 	C:\Program Files (x86)\MATLAB\R2010a Student\bin\win32\icuin40.dll
0x74560000 - 0x745e7000 	C:\Windows\WinSxS\x86_microsoft.vc80.crt_1fc8b3b9a1e18e3b_8.0.50727.4927_none_d08a205e442db5b5\MSVCP80.dll
0x76bd0000 - 0x76cd0000 	C:\Windows\syswow64\USER32.dll
0x762d0000 - 0x76360000 	C:\Windows\syswow64\GDI32.dll
0x770d0000 - 0x770da000 	C:\Windows\syswow64\LPK.dll
0x75bd0000 - 0x75c6d000 	C:\Windows\syswow64\USP10.dll
0x78770000 - 0x787ee000 	C:\Program Files (x86)\MATLAB\R2010a Student\bin\win32\libmwfl.dll
0x7d160000 - 0x7d16e000 	C:\Program Files (x86)\MATLAB\R2010a Student\bin\win32\boost_date_time-vc80-mt-1_36.dll
0x7d330000 - 0x7d346000 	C:\Program Files (x86)\MATLAB\R2010a Student\bin\win32\boost_filesystem-vc80-mt-1_36.dll
0x7c500000 - 0x7c507000 	C:\Program Files (x86)\MATLAB\R2010a Student\bin\win32\boost_system-vc80-mt-1_36.dll
0x7d050000 - 0x7d060000 	C:\Program Files (x86)\MATLAB\R2010a Student\bin\win32\boost_signals-vc80-mt-1_36.dll
0x7b4a0000 - 0x7b4ac000 	C:\Program Files (x86)\MATLAB\R2010a Student\bin\win32\boost_thread-vc80-mt-1_36.dll
0x7ba50000 - 0x7bc63000 	C:\Program Files (x86)\MATLAB\R2010a Student\bin\win32\libmwservices.dll
0x7b9f0000 - 0x7ba4d000 	C:\Program Files (x86)\MATLAB\R2010a Student\bin\win32\libmx.dll
0x78c90000 - 0x78ca3000 	C:\Program Files (x86)\MATLAB\R2010a Student\bin\win32\zlib1.dll
0x7bc70000 - 0x7bd47000 	C:\Program Files (x86)\MATLAB\R2010a Student\bin\win32\libmwmathutil.dll
0x79e30000 - 0x79e6a000 	C:\Program Files (x86)\MATLAB\R2010a Student\bin\win32\mpath.dll
0x7c0a0000 - 0x7c166000 	C:\Program Files (x86)\MATLAB\R2010a Student\bin\win32\mlutil.dll
0x7cfb0000 - 0x7d00e000 	C:\Program Files (x86)\MATLAB\R2010a Student\bin\win32\xmlcore.dll
0x79720000 - 0x798e2000 	C:\Program Files (x86)\MATLAB\R2010a Student\bin\win32\xerces-c_2_7.dll
0x76650000 - 0x76685000 	C:\Windows\syswow64\WS2_32.dll
0x75ca0000 - 0x75ca6000 	C:\Windows\syswow64\NSI.dll
0x74cd0000 - 0x75919000 	C:\Windows\syswow64\SHELL32.dll
0x75f40000 - 0x75f97000 	C:\Windows\syswow64\SHLWAPI.dll
0x78720000 - 0x7874e000 	C:\Program Files (x86)\MATLAB\R2010a Student\bin\win32\tbb.dll
0x765c0000 - 0x76644000 	C:\Windows\WinSxS\x86_microsoft.windows.common-controls_6595b64144ccf1df_5.82.7600.16385_none_ebf82fc36c758ad5\COMCTL32.dll
0x75fb0000 - 0x7602b000 	C:\Windows\syswow64\comdlg32.dll
0x73ad0000 - 0x73ae1000 	C:\Windows\system32\NETAPI32.dll
0x73ac0000 - 0x73ac9000 	C:\Windows\system32\netutils.dll
0x73aa0000 - 0x73ab9000 	C:\Windows\system32\srvcli.dll
0x73a90000 - 0x73a9f000 	C:\Windows\system32\wkscli.dll
0x7a0e0000 - 0x7a144000 	C:\Program Files (x86)\MATLAB\R2010a Student\bin\win32\mcr.dll
0x7e890000 - 0x7e8a9000 	C:\Program Files (x86)\MATLAB\R2010a Student\bin\win32\libmwi18n.dll
0x7b4d0000 - 0x7b539000 	C:\Program Files (x86)\MATLAB\R2010a Student\bin\win32\iqm.dll
0x7a6c0000 - 0x7ab7b000 	C:\Program Files (x86)\MATLAB\R2010a Student\bin\win32\m_interpreter.dll
0x7b550000 - 0x7b561000 	C:\Program Files (x86)\MATLAB\R2010a Student\bin\win32\libmex.dll
0x79fb0000 - 0x7a017000 	C:\Program Files (x86)\MATLAB\R2010a Student\bin\win32\m_dispatcher.dll
0x7d280000 - 0x7d31d000 	C:\Program Files (x86)\MATLAB\R2010a Student\bin\win32\boost_regex-vc80-mt-1_36.dll
0x79ec0000 - 0x79f1b000 	C:\Program Files (x86)\MATLAB\R2010a Student\bin\win32\profiler.dll
0x7b5d0000 - 0x7b5f2000 	C:\Program Files (x86)\MATLAB\R2010a Student\bin\win32\libmwmathrng.dll
0x78c00000 - 0x78c12000 	C:\Program Files (x86)\MATLAB\R2010a Student\bin\win32\m_pcodeio.dll
0x79df0000 - 0x79e27000 	C:\Program Files (x86)\MATLAB\R2010a Student\bin\win32\m_ir.dll
0x7a1d0000 - 0x7a6bd000 	C:\Program Files (x86)\MATLAB\R2010a Student\bin\win32\m_parser.dll
0x7b540000 - 0x7b54e000 	C:\Program Files (x86)\MATLAB\R2010a Student\bin\win32\ir_xfmr.dll
0x787f0000 - 0x7894e000 	C:\Program Files (x86)\MATLAB\R2010a Student\bin\win32\mcos.dll
0x7b610000 - 0x7b61a000 	C:\Program Files (x86)\MATLAB\R2010a Student\bin\win32\mtok.dll
0x78be0000 - 0x78bfa000 	C:\Program Files (x86)\MATLAB\R2010a Student\bin\win32\m_pcodegen.dll
0x7e810000 - 0x7e844000 	C:\Program Files (x86)\MATLAB\R2010a Student\bin\win32\libmwspmatrix.dll
0x7e850000 - 0x7e871000 	C:\Program Files (x86)\MATLAB\R2010a Student\bin\win32\libmwbridge.dll
0x7b180000 - 0x7b209000 	C:\Program Files (x86)\MATLAB\R2010a Student\bin\win32\udd.dll
0x7be40000 - 0x7bf3f000 	C:\Program Files (x86)\MATLAB\R2010a Student\bin\win32\libmwgui.dll
0x78cf0000 - 0x7914f000 	C:\Program Files (x86)\MATLAB\R2010a Student\bin\win32\hg.dll
0x78b60000 - 0x78b92000 	C:\Program Files (x86)\MATLAB\R2010a Student\bin\win32\libmat.dll
0x7b770000 - 0x7b939000 	C:\Program Files (x86)\MATLAB\R2010a Student\bin\win32\libhdf5.dll
0x79d40000 - 0x79d96000 	C:\Program Files (x86)\MATLAB\R2010a Student\bin\win32\jmi.dll
0x79a40000 - 0x79a70000 	C:\Program Files (x86)\MATLAB\R2010a Student\bin\win32\libmwhardcopy.dll
0x79da0000 - 0x79de3000 	C:\Program Files (x86)\MATLAB\R2010a Student\bin\win32\libuij.dll
0x78630000 - 0x7871f000 	C:\Program Files (x86)\MATLAB\R2010a Student\bin\win32\hgdatatypes.dll
0x785c0000 - 0x78628000 	C:\Program Files (x86)\MATLAB\R2010a Student\bin\win32\hgutils.dll
0x78ba0000 - 0x78bd4000 	C:\Program Files (x86)\MATLAB\R2010a Student\bin\win32\libmwlapack.dll
0x7b580000 - 0x7b58e000 	C:\Program Files (x86)\MATLAB\R2010a Student\bin\win32\libmwbinder.dll
0x7b210000 - 0x7b492000 	C:\Program Files (x86)\MATLAB\R2010a Student\bin\win32\uiw.dll
0x7b660000 - 0x7b669000 	C:\Program Files (x86)\MATLAB\R2010a Student\bin\win32\uinone.dll
0x741d0000 - 0x742e0000 	C:\Windows\WinSxS\x86_microsoft.vc80.mfc_1fc8b3b9a1e18e3b_8.0.50727.4053_none_cbf21254470d8752\MFC80.DLL
0x00e40000 - 0x00e91000 	C:\Windows\system32\WINSPOOL.DRV
0x760b0000 - 0x7620c000 	C:\Windows\syswow64\ole32.dll
0x75db0000 - 0x75e3f000 	C:\Windows\syswow64\OLEAUT32.dll
0x7a150000 - 0x7a1cc000 	C:\Program Files (x86)\MATLAB\R2010a Student\bin\win32\udd_mi.dll
0x78c20000 - 0x78c37000 	C:\Program Files (x86)\MATLAB\R2010a Student\bin\win32\mwoles05.DLL
0x79e70000 - 0x79eb9000 	C:\Program Files (x86)\MATLAB\R2010a Student\bin\win32\comcli.dll
0x74610000 - 0x7462b000 	C:\Windows\WinSxS\x86_microsoft.vc80.atl_1fc8b3b9a1e18e3b_8.0.50727.4053_none_d1c738ec43578ea1\ATL80.DLL
0x7b600000 - 0x7b60b000 	C:\Program Files (x86)\MATLAB\R2010a Student\bin\win32\mlautoregister.dll
0x769b0000 - 0x76a10000 	C:\Windows\system32\IMM32.DLL
0x766e0000 - 0x767ac000 	C:\Windows\syswow64\MSCTF.dll
0x74640000 - 0x7464e000 	C:\Windows\WinSxS\x86_microsoft.vc80.mfcloc_1fc8b3b9a1e18e3b_8.0.50727.4053_none_03ca5532205cb096\MFC80ENU.DLL
0x725f0000 - 0x725fb000 	C:\Windows\system32\profapi.dll
0x03bc0000 - 0x03c40000 	C:\Windows\system32\uxtheme.dll
0x738f0000 - 0x73a8e000 	C:\Windows\WinSxS\x86_microsoft.windows.common-controls_6595b64144ccf1df_6.0.7600.16385_none_421189da2b7fabfc\comctl32.dll
0x76a10000 - 0x76bad000 	C:\Windows\syswow64\SETUPAPI.dll
0x75c70000 - 0x75c97000 	C:\Windows\syswow64\CFGMGR32.dll
0x76bb0000 - 0x76bc2000 	C:\Windows\syswow64\DEVOBJ.dll
0x76210000 - 0x76293000 	C:\Windows\syswow64\CLBCatQ.DLL
0x72f10000 - 0x73005000 	C:\Windows\system32\propsys.dll
0x72ee0000 - 0x72f01000 	C:\Windows\system32\ntmarta.dll
0x76690000 - 0x766d5000 	C:\Windows\syswow64\WLDAP32.dll
0x72440000 - 0x7245c000 	C:\Windows\system32\iphlpapi.dll
0x72430000 - 0x72437000 	C:\Windows\system32\WINNSI.DLL
0x722f0000 - 0x72334000 	C:\Windows\system32\DNSAPI.dll
0x72420000 - 0x7242d000 	C:\Windows\system32\dhcpcsvc6.DLL
0x72400000 - 0x72412000 	C:\Windows\system32\dhcpcsvc.DLL
0x79ae0000 - 0x79d36000 	C:\Program Files (x86)\MATLAB\R2010a Student\sys\java\jre\win32\jre\bin\client\jvm.dll
0x08970000 - 0x089a2000 	C:\Windows\system32\WINMM.dll
0x7bfc0000 - 0x7c016000 	C:\Program Files (x86)\MATLAB\R2010a Student\bin\win32\MSVCR71.dll
0x73360000 - 0x733ab000 	C:\Windows\system32\apphelp.dll
0x089b0000 - 0x089c3000 	C:\Windows\system32\dwmapi.dll
0x72650000 - 0x7273b000 	C:\Windows\syswow64\dbghelp.dll
0x79f70000 - 0x79f78000 	C:\Program Files (x86)\MATLAB\R2010a Student\sys\java\jre\win32\jre\bin\hpi.dll
0x79f90000 - 0x79f9c000 	C:\Program Files (x86)\MATLAB\R2010a Student\sys\java\jre\win32\jre\bin\verify.dll
0x78cb0000 - 0x78ccf000 	C:\Program Files (x86)\MATLAB\R2010a Student\sys\java\jre\win32\jre\bin\java.dll
0x79fa0000 - 0x79faf000 	C:\Program Files (x86)\MATLAB\R2010a Student\sys\java\jre\win32\jre\bin\zip.dll
0x78c40000 - 0x78c5e000 	C:\Program Files (x86)\MATLAB\R2010a Student\bin\win32\nativejava.dll
0x744b0000 - 0x744c2000 	C:\Windows\system32\MPR.dll
0x78c60000 - 0x78c85000 	C:\Program Files (x86)\MATLAB\R2010a Student\bin\win32\nativejmi.dll
0x7b650000 - 0x7b65a000 	C:\Program Files (x86)\MATLAB\R2010a Student\bin\win32\nativeservices.dll
0x798f0000 - 0x79a3a000 	C:\Program Files (x86)\MATLAB\R2010a Student\sys\java\jre\win32\jre\bin\awt.dll
0x7a020000 - 0x7a074000 	C:\Program Files (x86)\MATLAB\R2010a Student\sys\java\jre\win32\jre\bin\fontmanager.dll
0x78cd0000 - 0x78ce3000 	C:\Program Files (x86)\MATLAB\R2010a Student\sys\java\jre\win32\jre\bin\net.dll
0x72610000 - 0x7264c000 	C:\Windows\system32\mswsock.dll
0x722d0000 - 0x722d6000 	C:\Windows\System32\wship6.dll
0x79f80000 - 0x79f89000 	C:\Program Files (x86)\MATLAB\R2010a Student\sys\java\jre\win32\jre\bin\nio.dll

VM Arguments:
jvm_args: -Xss512k -XX:PermSize=32m -Xms64m -XX:NewRatio=3 -XX:MaxPermSize=64m -Xmx128m -XX:MaxDirectMemorySize=1200000000 -Dsun.java2d.noddraw=true -Dsun.awt.nopixfmt=true -Xshare:off -Xrs -Djava.library.path=C:\Program Files (x86)\MATLAB\R2010a Student\bin\win32 vfprintf abort 
java_command: <unknown>
Launcher Type: generic

Environment Variables:
PATH=C:\Program Files (x86)\MATLAB\R2010a Student\sys\java\jre\win32\jre\bin;C:\Program Files (x86)\MATLAB\R2010a Student\sys\webrenderer\windows\corecomponents;C:\Program Files (x86)\MATLAB\R2010a Student\sys\webrenderer\windows;C:\Program Files\Common Files\Microsoft Shared\Windows Live;C:\Program Files (x86)\Common Files\Microsoft Shared\Windows Live;C:\Windows\system32;C:\Windows;C:\Windows\System32\Wbem;C:\Windows\System32\WindowsPowerShell\v1.0\;C:\Program Files (x86)\ATI Technologies\ATI.ACE\Core-Static;c:\Program Files (x86)\Common Files\Roxio Shared\DLLShared\;c:\Program Files (x86)\Common Files\Roxio Shared\DLLShared\;c:\Program Files (x86)\Common Files\Roxio Shared\12.0\DLLShared\;C:\Program Files (x86)\Windows Live\Shared;C:\Program Files (x86)\MATLAB\R2010a Student\bin;C:\Windows\System32;C:\Python26;C:\Python26\DLLs;C:\Python26\Scripts;C:\Python26\Lib\site-packages\PyQt4;C:\Python26\gnuplot\bin;C:\Python26\Lib\site-packages\vtk;C:\Program Files (x86)\pythonxy\console;C:\Program Files (x86)\pythonxy\SciTE-2.11;C:\Program Files (x86)\pythonxy\mingw\bin
USERNAME=youval
OS=Windows_NT
PROCESSOR_IDENTIFIER=Intel64 Family 6 Model 30 Stepping 5, GenuineIntel



---------------  S Y S T E M  ---------------

OS: Windows NT 6.1 Build 7600 

CPU:total 4 (8 cores per cpu, 2 threads per core) family 6 model 14 stepping 5, cmov, cx8, fxsr, mmx, sse, sse2, sse3, ssse3, ht

Memory: 4k page, physical 4194303k(1614272k free), swap 4194303k(4194303k free)

vm_info: Java HotSpot(TM) Client VM (11.2-b01) for windows-x86 JRE (1.6.0_12-b04), built on Jan 17 2009 09:57:14 by "java_re" with MS VC++ 7.1

time: Mon Sep 13 15:38:52 2010
elapsed time: 64927 seconds

